Workingdir: /home/ramachap/jinu_hpo/AutoDL/ingestion
Started at Sat May 16 21:51:56 CEST 2020
Running job prediction-job using 8 cpus per node with given JID 12259481 on queue meta_gpu-x
10.0.130
ajhkqjekqje
['number_mnist', 'flickr', 'librispeech', 'espeak-gender', 'starcraft', 'env-sound', 'music-speech', 'espeak-numbers', 'google_audio_set', 'urbansound', 'acoustic', 'music_env_speech', 'music_genre', 'sick_no_sick', 'timit_accent']
['number_mnist', 'flickr', 'librispeech', 'espeak-gender', 'starcraft', 'env-sound', 'music-speech', 'espeak-numbers', 'google_audio_set', 'urbansound', 'acoustic', 'music_env_speech', 'music_genre', 'sick_no_sick', 'timit_accent']
{'number_mnist': 0, 'flickr': 1, 'librispeech': 2, 'starcraft': 4, 'env-sound': 5, 'espeak-gender': 3, 'google_audio_set': 8, 'music-speech': 6, 'timit_accent': 14, 'acoustic': 10, 'music_env_speech': 11, 'music_genre': 12, 'sick_no_sick': 13, 'urbansound': 9, 'espeak-numbers': 7}
['google_audio_set' 'env-sound' 'flickr' 'starcraft' 'flickr' 'starcraft'
 'acoustic' 'espeak-gender' 'starcraft' 'starcraft' 'librispeech'
 'starcraft' 'timit_accent' 'librispeech' 'flickr' 'number_mnist' 'flickr'
 'flickr' 'timit_accent' 'starcraft' 'timit_accent' 'starcraft'
 'starcraft' 'flickr' 'flickr' 'sick_no_sick' 'starcraft' 'flickr'
 'espeak-gender' 'espeak-gender' 'flickr' 'starcraft' 'librispeech'
 'starcraft' 'starcraft' 'starcraft' 'starcraft' 'starcraft' 'starcraft'
 'google_audio_set' 'starcraft' 'flickr' 'starcraft' 'music_env_speech'
 'starcraft' 'flickr' 'sick_no_sick' 'google_audio_set' 'starcraft'
 'env-sound' 'espeak-gender' 'starcraft' 'starcraft' 'music_env_speech'
 'timit_accent' 'acoustic' 'music_env_speech' 'espeak-numbers' 'starcraft'
 'espeak-gender' 'music_env_speech' 'flickr' 'starcraft' 'starcraft'
 'google_audio_set' 'google_audio_set' 'starcraft' 'starcraft' 'starcraft'
 'number_mnist' 'music_env_speech' 'starcraft' 'starcraft' 'flickr'
 'flickr' 'music_env_speech' 'flickr' 'starcraft' 'sick_no_sick'
 'starcraft' 'starcraft' 'flickr' 'starcraft' 'flickr' 'espeak-gender'
 'starcraft' 'music_env_speech' 'starcraft' 'starcraft' 'flickr'
 'google_audio_set' 'starcraft' 'espeak-gender' 'google_audio_set'
 'flickr' 'starcraft' 'sick_no_sick' 'starcraft' 'starcraft'
 'espeak-numbers' 'flickr' 'google_audio_set' 'espeak-numbers' 'starcraft'
 'starcraft' 'starcraft' 'starcraft' 'starcraft' 'flickr' 'sick_no_sick'
 'flickr' 'espeak-gender' 'flickr' 'sick_no_sick' 'starcraft' 'flickr'
 'starcraft' 'number_mnist' 'google_audio_set' 'starcraft' 'starcraft'
 'music_env_speech' 'starcraft' 'espeak-gender' 'flickr' 'starcraft'
 'espeak-gender' 'starcraft' 'flickr' 'flickr' 'espeak-gender' 'starcraft'
 'starcraft' 'espeak-gender' 'flickr' 'starcraft' 'espeak-gender'
 'espeak-gender' 'starcraft' 'timit_accent' 'starcraft' 'starcraft'
 'flickr' 'flickr' 'flickr' 'flickr' 'music_env_speech' 'flickr'
 'espeak-gender' 'flickr' 'music_env_speech' 'google_audio_set' 'flickr'
 'espeak-gender' 'espeak-numbers' 'music_env_speech' 'flickr' 'starcraft'
 'starcraft' 'starcraft' 'librispeech' 'starcraft' 'starcraft' 'starcraft'
 'music_env_speech' 'flickr' 'music_env_speech' 'flickr' 'flickr'
 'starcraft' 'starcraft' 'flickr' 'starcraft' 'starcraft' 'starcraft'
 'starcraft' 'google_audio_set' 'espeak-gender' 'starcraft' 'starcraft'
 'starcraft' 'espeak-gender' 'flickr' 'music_env_speech' 'starcraft'
 'google_audio_set' 'flickr' 'starcraft' 'espeak-gender' 'flickr'
 'starcraft' 'flickr' 'music_env_speech' 'librispeech' 'starcraft'
 'starcraft' 'google_audio_set' 'espeak-gender' 'music_genre'
 'sick_no_sick' 'timit_accent' 'acoustic' 'timit_accent' 'starcraft'
 'flickr' 'number_mnist' 'starcraft' 'flickr' 'starcraft' 'starcraft'
 'flickr' 'google_audio_set' 'acoustic' 'flickr' 'starcraft' 'flickr'
 'music_env_speech' 'starcraft' 'starcraft' 'flickr' 'starcraft'
 'sick_no_sick' 'urbansound' 'flickr' 'sick_no_sick' 'starcraft'
 'starcraft' 'espeak-gender' 'timit_accent' 'starcraft' 'timit_accent'
 'starcraft' 'starcraft' 'flickr' 'starcraft' 'flickr' 'starcraft'
 'flickr' 'flickr' 'espeak-gender' 'starcraft' 'starcraft' 'timit_accent'
 'music_env_speech' 'starcraft' 'starcraft' 'starcraft' 'espeak-gender'
 'starcraft' 'google_audio_set' 'music_env_speech' 'starcraft' 'starcraft'
 'starcraft' 'espeak-numbers' 'timit_accent' 'number_mnist' 'flickr'
 'starcraft' 'starcraft' 'number_mnist' 'librispeech' 'music_env_speech']
Accuracy of xgb: 0.992395
ROC-AUC score of xgb : 0.986329 
[0.12790214 0.08299493 0.04505137 0.00602422 0.         0.00993205
 0.01412094 0.00187276 0.03637322 0.01298708 0.         0.24033457
 0.00996108 0.         0.09510773 0.         0.06576408 0.01690406
 0.00913282 0.00952362 0.10578096 0.02231217 0.00278751 0.
 0.01807431 0.00494692 0.         0.02333824 0.         0.
 0.         0.00228141 0.         0.01344158 0.         0.00289333
 0.         0.00798506 0.         0.         0.         0.
 0.00547697 0.00669486 0.         0.         0.         0.
 0.         0.         0.         0.         0.         0.
 0.         0.        ]
    importance      feature
11    0.240335       mean_8
0     0.127902         mean
20    0.105781        var_4
14    0.095108      mean_11
1     0.082995          var
16    0.065764      mean_13
2     0.045051         skew
8     0.036373       mean_5
27    0.023338       var_11
21    0.022312        var_5
24    0.018074        var_8
17    0.016904        var_1
6     0.014121       mean_3
33    0.013442       skew_4
9     0.012987       mean_6
12    0.009961       mean_9
5     0.009932       mean_2
19    0.009524        var_3
18    0.009133        var_2
37    0.007985       skew_8
43    0.006695   kurtosis_1
3     0.006024     kurtosis
42    0.005477      skew_13
25    0.004947        var_9
35    0.002893       skew_6
22    0.002788        var_6
31    0.002281       skew_2
7     0.001873       mean_4
49    0.000000   kurtosis_7
41    0.000000      skew_12
51    0.000000   kurtosis_9
48    0.000000   kurtosis_6
47    0.000000   kurtosis_5
50    0.000000   kurtosis_8
46    0.000000   kurtosis_4
52    0.000000  kurtosis_10
45    0.000000   kurtosis_3
54    0.000000  kurtosis_12
44    0.000000   kurtosis_2
53    0.000000  kurtosis_11
28    0.000000       var_12
40    0.000000      skew_11
39    0.000000      skew_10
38    0.000000       skew_9
36    0.000000       skew_7
34    0.000000       skew_5
32    0.000000       skew_3
30    0.000000       skew_1
29    0.000000       var_13
26    0.000000       var_10
23    0.000000        var_7
15    0.000000      mean_12
13    0.000000      mean_10
10    0.000000       mean_7
4     0.000000       mean_1
55    0.000000  kurtosis_13
data02
removing outliers function 
individual lengths : [52, 57, 96, 127, 103, 104, 48, 72, 99, 48, 53, 65, 118, 59, 168, 69, 66, 66, 74, 81, 70, 63, 102, 52, 56, 77, 107, 51, 68, 63, 125, 78, 71, 94, 97, 83, 65, 47, 59, 54, 59, 74, 101, 126, 79, 93, 158, 122, 51, 97, 67, 101, 75, 61, 58, 55, 61, 62, 92, 74, 96, 60, 56, 51, 94, 77, 48, 115, 100, 122, 104, 56, 49, 80, 117, 75, 140, 83, 67, 61, 88, 82, 73, 87, 102, 70, 68, 76, 104, 93, 91, 76, 80, 74, 71, 83, 167, 128, 88, 51, 104, 76, 123, 75, 78, 55, 94, 142, 54, 187, 85, 51, 60, 73, 82, 81, 98, 95, 93, 123, 48, 133, 92, 57, 114, 52, 63, 84, 119, 128, 71, 83, 95, 185, 77, 63, 58, 49, 82, 39, 195, 81, 101, 84, 61, 110, 93, 90, 78, 108, 80, 52, 100, 53, 69, 122, 80, 58, 57, 103, 65, 65, 111, 112, 80, 50, 172, 92, 74, 120, 121, 66, 66, 98, 158, 213, 77, 109, 47, 58, 60, 58, 56, 53, 63, 75, 91, 119, 48, 119, 45, 105, 49, 86, 70, 64, 57, 89, 67, 102, 76, 57, 117, 72, 78, 57, 140, 72, 116, 83, 65, 172, 159, 64, 104, 80, 83, 62, 58, 70, 65, 85, 93, 88, 86, 132, 131, 43, 50, 97, 66, 65, 98, 56, 83, 107, 103, 89, 116, 162, 187, 123, 120, 111, 88, 69, 99, 86, 163, 129, 70, 62, 69, 90, 83, 63, 91, 90, 118, 100, 78, 154, 47, 123, 106, 62, 77, 93, 74, 59, 108, 91, 76, 81, 73, 82, 113, 49, 82, 107, 87, 120, 69, 54, 118, 48, 90, 77, 53, 64, 57, 79, 49, 106, 59, 105, 88, 105, 122, 74, 110, 64, 83, 78, 77, 120, 115, 104, 108, 71, 48, 66, 84, 85, 158, 94, 76, 66, 100, 48, 82, 124, 77, 70, 58, 84, 81, 170, 95, 122, 71, 59, 56, 115, 63, 74, 127, 81, 58, 53, 87, 100, 85, 111, 63, 70, 96, 99, 117, 125, 60, 92, 88, 64, 62, 178, 76, 83, 62, 51, 68, 102, 127, 76, 106, 54, 46, 70, 87, 67, 101, 48, 112, 107, 92, 66, 89, 66, 64, 188, 106, 93, 128, 117, 81, 156, 113, 65, 120, 110, 110, 60, 68, 96, 123, 52, 68, 46, 113, 141, 85, 85, 115, 50, 48, 61, 71, 82, 70, 57, 174, 75, 84, 137, 47, 83, 126, 96, 48, 101, 49, 52, 56, 51, 85, 65, 123, 73]
lower:  25.789018623818286
upper:  147.42126175001349
max :  213
Identified outliers: 21
% of outliers :  0.04906542056074766
[168, 158, 167, 187, 185, 195, 172, 158, 213, 172, 159, 162, 187, 163, 154, 158, 170, 178, 188, 156, 174]
outliers removed!
removing outliers function 
individual lengths : [48, 77, 64, 90, 89, 53, 100, 98, 100, 108, 126, 61, 96, 66, 100, 49, 122, 83, 146, 64, 56, 62, 70, 75, 63, 99, 87, 92, 93, 110, 56, 45, 124, 69, 142, 56, 281, 72, 166, 79, 128, 161, 57, 106, 51, 67, 101, 114, 96, 104, 109, 91, 84, 55, 70, 240, 50, 58, 79, 64, 90, 59, 97, 87, 65, 109, 66, 67, 98, 131, 92, 54, 104, 113, 74, 77, 211, 47, 66, 77, 176, 71, 88, 102, 121, 74, 51, 57, 76, 97, 59, 109, 114, 78, 81, 109, 75, 117, 68, 97, 100, 55, 51, 120, 60, 53, 93]
lower:  14.293987953930383
upper:  166.22937653205094
max :  281
Identified outliers: 4
% of outliers :  0.037383177570093455
[281, 240, 211, 176]
outliers removed!
data02
extracted mfcc
max len :  166
(510, 166, 13)
inside meta features function
size of each batch : torch.Size([510, 166, 13])
stats for mfcc dimension :
mean:  tensor([-100.6162,   32.3114,   -2.5959,   12.9035,   -4.0266,    1.8973,
          -6.0026,   -4.0781,   -5.8568,   -0.6063,   -3.1366,   -1.6410,
          -0.6545], device='cuda:0')
shape of mean :  torch.Size([166, 13])
variance:  tensor([8937.4805, 1855.0439,  825.1330,  532.5953,  291.3136,  201.0201,
         168.6165,  111.7574,  118.1427,   97.0918,   73.3124,   70.1959,
          66.7337], device='cuda:0')
skewness:  tensor([-4.9375,  4.1803,  1.2370,  4.0906, -1.2627,  2.3020, -3.2686, -2.2233,
        -0.9970,  0.7623, -2.9986,  0.1545, -0.6570], device='cuda:0')
kurtosis:  tensor([69.2572, 64.3738, 78.6368, 76.4165, 73.3051, 66.7739, 70.5581, 71.6328,
        70.3750, 70.0999, 76.0878, 75.1177, 73.0243], device='cuda:0')
after using cuda: 
<class 'torch.Tensor'>
stats accross data :
mean:  -6.315589427947998
variance:  2618.573486328125
skewness:  -4.907553195953369
kurtosis:  38.62527084350586
data04
removing outliers function 
individual lengths : [157, 157, 157, 157, 157, 157, 157, 157, 157, 157, 157, 157, 157, 157, 157, 157, 157, 157, 157, 157, 157, 157, 157, 157, 157, 157, 157, 157, 157, 157, 157, 157, 157, 157, 157, 157, 157, 157, 157, 157, 157, 157, 157, 157, 157, 157, 157, 157, 157, 157, 157, 157, 157, 157, 157, 157, 157, 157, 157, 157, 157, 157, 157, 157, 157, 157, 157, 157, 157, 157, 157, 157, 157, 157, 157, 157, 157, 157, 157, 157, 157, 157, 157, 157, 157, 157, 157, 157, 157, 157, 157, 157, 157, 157, 157, 157, 157, 157, 157, 157, 157, 157, 157, 157, 157, 157, 157, 157, 157, 157, 157, 157, 157, 157, 157, 157, 157, 157, 157, 157, 157, 157, 157, 157, 157, 157, 157, 157, 157, 157, 157, 157, 157, 157, 157, 157, 157, 157, 157, 157, 157, 157, 157, 157, 157, 157, 157, 157, 157, 157, 157, 157, 157, 157, 157, 157, 157, 157, 157, 157, 157, 157, 157, 157, 157, 157, 157, 157, 157, 157, 157, 157, 157, 157, 157, 157, 157, 157, 157, 157, 157, 157, 157, 157, 157, 157, 157, 157, 157, 157, 157, 157, 157, 157, 157, 157, 157, 157, 157, 157, 157, 157, 157, 157, 157, 157, 157, 157, 157, 157, 157, 157, 157, 157, 157, 157, 157, 157, 157, 157, 157, 157, 157, 157, 157, 157, 157, 157, 157, 157, 157, 157, 157, 157, 157, 157, 157, 157, 157, 157, 157, 157, 157, 157, 157, 157, 157, 157, 157, 157, 157, 157, 157, 157, 157, 157, 157, 157, 157, 157, 157, 157, 157, 157, 157, 157, 157, 157, 157, 157, 157, 157, 157, 157, 157, 157, 157, 157, 157, 157, 157, 157, 157, 157, 157, 157, 157, 157, 157, 157, 157, 157, 157, 157, 157, 157, 157, 157, 157, 157, 157, 157, 157, 157, 157, 157, 157, 157, 157, 157, 157, 157, 157, 157, 157, 157, 157, 157, 157, 157, 157, 157, 157, 157, 157, 157, 157, 157, 157, 157, 157, 157, 157, 157, 157, 157, 157, 157, 157, 157, 157, 157, 157, 157, 157, 157, 157, 157, 157, 157, 157, 157, 157, 157, 157, 157, 157, 157, 157, 157, 157, 157, 157, 157, 157, 157, 157, 157, 157, 157, 157, 157, 157, 157, 157, 157, 157, 157, 157, 157, 157, 157, 157, 157, 157, 157, 157, 157, 157, 157, 157, 157, 157, 157, 157, 157, 157, 157, 157, 157, 157, 157, 157, 157, 157, 157, 157, 157, 157, 157, 157, 157, 157, 157, 157, 157, 157, 157, 157, 157, 157, 157, 157, 157, 157, 157, 157, 157, 157, 157, 157, 157, 157, 157, 157, 157, 157, 157, 157, 157, 157, 157, 157, 157, 157, 157, 157, 157, 157, 157, 157, 157, 157, 157, 157, 157, 157, 157, 157, 157, 157, 157, 157, 157, 157, 157, 157, 157, 157, 157, 157, 157, 157, 157, 157, 157, 157, 157, 157, 157, 157, 157, 157, 157, 157, 157, 157, 157, 157, 157, 157, 157, 157, 157, 157, 157, 157, 157, 157, 157, 157, 157, 157, 157, 157, 157, 157, 157, 157, 157, 157, 157, 157, 157, 157, 157, 157, 157, 157, 157, 157, 157, 157, 157, 157, 157, 157, 157, 157, 157, 157, 157, 157, 157, 157, 157, 157, 157, 157, 157, 157, 157, 157, 157, 157, 157, 157, 157, 157, 157, 157, 157, 157, 157, 157, 157, 157, 157, 157, 157, 157, 157, 157, 157, 157, 157, 157, 157, 157, 157, 157, 157, 157, 157, 157, 157, 157, 157, 157, 157, 157, 157, 157, 157, 157, 157, 157, 157, 157, 157, 157, 157, 157, 157, 157, 157, 157, 157, 157, 157, 157, 157, 157, 157, 157, 157, 157, 157, 157, 157, 157, 157, 157, 157, 157, 157, 157, 157, 157, 157, 157, 157, 157, 157, 157, 157, 157, 157, 157, 157, 157, 157, 157, 157, 157, 157, 157, 157, 157, 157, 157, 157, 157, 157, 157, 157, 157, 157, 157, 157, 157, 157, 157, 157, 157, 157, 157, 157, 157, 157, 157, 157, 157, 157, 157, 157, 157, 157, 157, 157, 157, 157, 157, 157, 157, 157, 157, 157, 157, 157, 157, 157, 157, 157, 157, 157, 157, 157, 157, 157, 157, 157, 157, 157, 157, 157, 157, 157, 157, 157, 157, 157, 157, 157, 157, 157, 157, 157, 157, 157, 157, 157, 157, 157, 157, 157, 157, 157, 157, 157, 157, 157, 157, 157, 157, 157, 157, 157, 157, 157, 157, 157, 157, 157, 157, 157, 157, 157, 157, 157, 157, 157, 157, 157, 157, 157, 157, 157, 157, 157, 157, 157, 157, 157, 157, 157, 157, 157, 157, 157, 157, 157, 157, 157, 157, 157, 157, 157, 157, 157, 157, 157, 157, 157, 157, 157, 157, 157, 157, 157, 157, 157, 157, 157, 157, 157, 157, 157, 157, 157, 157, 157, 157, 157, 157, 157, 157, 157, 157, 157, 157, 157, 157, 157, 157, 157, 157, 157, 157, 157, 157, 157, 157, 157, 157, 157, 157, 157, 157, 157, 157, 157, 157, 157, 157, 157, 157, 157, 157, 157, 157, 157, 157, 157, 157, 157, 157, 157, 157, 157, 157, 157, 157, 157, 157, 157, 157, 157, 157, 157, 157, 157, 157, 157, 157, 157, 157, 157, 157, 157, 157, 157, 157, 157, 157, 157, 157, 157, 157, 157, 157, 157, 157, 157, 157, 157, 157, 157, 157, 157, 157, 157, 157, 157, 157, 157, 157, 157, 157, 157, 157, 157, 157, 157, 157, 157, 157, 157, 157, 157, 157, 157, 157, 157, 157, 157, 157, 157, 157, 157, 157, 157, 157, 157, 157, 157, 157, 157, 157, 157, 157, 157, 157, 157, 157, 157, 157, 157, 157, 157, 157, 157, 157, 157, 157, 157, 157, 157, 157]
lower:  157.0
upper:  157.0
max :  157
Identified outliers: 0
% of outliers :  0.0
[]
outliers removed!
removing outliers function 
individual lengths : [157, 157, 157, 157, 157, 157, 157, 157, 157, 157, 157, 157, 157, 157, 157, 157, 157, 157, 157, 157, 157, 157, 157, 157, 157, 157, 157, 157, 157, 157, 157, 157, 157, 157, 157, 157, 157, 157, 157, 157, 157, 157, 157, 157, 157, 157, 157, 157, 157, 157, 157, 157, 157, 157, 157, 157, 157, 157, 157, 157, 157, 157, 157, 157, 157, 157, 157, 157, 157, 157, 157, 157, 157, 157, 157, 157, 157, 157, 157, 157, 157, 157, 157, 157, 157, 157, 157, 157, 157, 157, 157, 157, 157, 157, 157, 157, 157, 157, 157, 157, 157, 157, 157, 157, 157, 157, 157, 157, 157, 157, 157, 157, 157, 157, 157, 157, 157, 157, 157, 157, 157, 157, 157, 157, 157, 157, 157, 157, 157, 157, 157, 157, 157, 157, 157, 157, 157, 157, 157, 157, 157, 157, 157, 157, 157, 157, 157, 157, 157, 157, 157, 157, 157, 157, 157, 157, 157, 157, 157, 157, 157, 157, 157, 157, 157, 157, 157, 157, 157, 157, 157, 157, 157, 157, 157, 157, 157, 157, 157, 157, 157, 157, 157, 157, 157, 157, 157, 157, 157, 157, 157, 157, 157, 157, 157, 157, 157, 157, 157, 157, 157, 157, 157, 157, 157, 157, 157, 157, 157, 157, 157, 157, 157, 157, 157, 157, 157, 157, 157, 157, 157, 157, 157, 157, 157, 157, 157, 157, 157, 157, 157, 157, 157, 157, 157, 157, 157, 157, 157, 157, 157, 157, 157, 157, 157, 157, 157, 157, 157, 157, 157, 157, 157, 157, 157, 157, 157, 157, 157, 157, 157, 157, 157, 157, 157, 157, 157, 157, 157, 157, 157, 157, 157, 157, 157, 157, 157, 157, 157, 157, 157, 157, 157, 157, 157, 157, 157, 157, 157, 157, 157, 157, 157, 157, 157, 157, 157, 157, 157, 157, 157, 157, 157, 157, 157, 157, 157, 157, 157, 157, 157, 157, 157, 157, 157, 157, 157, 157, 157, 157, 157, 157, 157, 157, 157, 157, 157, 157, 157, 157, 157, 157, 157, 157, 157, 157, 157, 157, 157, 157, 157, 157, 157, 157, 157, 157, 157, 157, 157, 157, 157, 157, 157, 157, 157, 157, 157, 157, 157, 157, 157, 157, 157, 157, 157, 157, 157, 157, 157, 157, 157, 157, 157, 157, 157, 157, 157, 157, 157, 157, 157, 157, 157, 157, 157, 157, 157, 157, 157, 157, 157, 157, 157, 157, 157, 157, 157, 157, 157, 157, 157, 157, 157, 157, 157, 157, 157, 157, 157, 157, 157, 157, 157, 157, 157, 157, 157, 157, 157, 157, 157, 157, 157, 157, 157, 157, 157, 157, 157, 157, 157, 157, 157, 157, 157, 157, 157, 157, 157, 157, 157, 157, 157, 157, 157, 157, 157, 157, 157, 157, 157, 157, 157, 157, 157, 157, 157, 157, 157, 157, 157, 157, 157, 157, 157, 157, 157, 157, 157, 157, 157, 157, 157, 157]
lower:  157.0
upper:  157.0
max :  157
Identified outliers: 0
% of outliers :  0.0
[]
outliers removed!
data04
extracted mfcc
max len :  157
(1413, 157, 13)
inside meta features function
size of each batch : torch.Size([1413, 157, 13])
stats for mfcc dimension :
mean:  tensor([-116.6746,   88.1054,   -1.1114,   30.8555,    3.2259,    7.2370,
          -4.4360,    7.9234,   -2.5535,   -0.3461,   -4.6939,    4.5265,
          -8.0186], device='cuda:0')
shape of mean :  torch.Size([157, 13])
variance:  tensor([10505.0068,  1447.5643,   673.2707,   352.0634,   252.2507,   195.7995,
          135.0848,   155.0603,   105.5524,   142.9148,    83.6158,    98.7332,
           79.3970], device='cuda:0')
skewness:  tensor([-0.7335,  0.3893,  0.0698, -0.0145, -0.0250, -0.3983, -0.2184, -0.1735,
         0.0525, -0.6197,  0.0945,  0.0413, -0.0691], device='cuda:0')
kurtosis:  tensor([0.7012, 0.5615, 0.6590, 0.5632, 1.2083, 0.8632, 0.6456, 0.9887, 0.6326,
        1.3770, 0.8965, 0.8516, 0.7261], device='cuda:0')
after using cuda: 
<class 'torch.Tensor'>
stats accross data :
mean:  0.3107312321662903
variance:  2832.380859375
skewness:  -2.52111554145813
kurtosis:  15.958106994628906
data03
removing outliers function 
individual lengths : [588, 1013, 887, 600, 1040, 1748, 688, 627, 921, 710, 707, 802, 703, 824, 697, 1085, 1085, 607, 1476, 1083, 615, 703, 1197, 809, 1102, 732, 648, 1267, 941, 907, 871, 770, 677, 838, 790, 729, 638, 1218, 849, 834, 925, 982, 973, 704, 811, 842, 645, 738, 871, 712, 877, 581, 937, 723, 598, 746, 586, 1123, 837, 681, 608, 1328, 899, 713, 759, 630, 1225, 798, 719, 684, 602, 1085, 822, 681, 1223, 1149, 855, 930, 795, 738, 934, 742, 636, 981, 596, 947, 977, 885, 624, 859, 743, 635, 952, 639, 606, 1562, 752, 685, 655, 787, 695, 940, 601, 1097, 595, 946, 869, 701, 665, 1233, 662, 579, 746, 690, 869, 659, 902, 686, 1527, 897, 673, 728, 670, 1344, 741, 674, 1017, 863, 769, 901, 690, 549, 701, 774, 844, 590, 778, 719, 814, 597, 2854, 707, 1016, 780, 614, 583, 666, 1143, 587, 867, 787, 751, 899, 594, 637, 618, 709, 698, 1004, 688, 687, 620, 654, 900, 804, 684, 712, 675, 806, 579, 591, 914, 739, 758, 1050, 706, 665, 1121, 630, 784, 723, 740, 891, 762, 701, 552, 884, 611, 1075, 946, 782, 1215, 690, 1032, 648, 779, 2072, 720, 784, 2026, 882, 883, 703, 526, 663, 742, 938, 667, 645, 940, 1101, 988, 873, 749, 600, 874, 1490, 666, 993, 885, 652, 908, 1040, 962, 1155, 1085, 638, 688, 701, 702, 1341, 1190, 1064, 1031, 737, 890, 544, 701, 879, 654, 916, 601, 645, 648, 871, 582, 678, 629, 693, 786, 859, 1013, 663, 700, 709, 1424, 825, 663, 1162, 686, 1247, 713, 929, 806, 1274, 659, 1023, 845, 857, 779, 582, 667, 524, 842, 683, 1181, 704, 937, 716, 681, 1303, 728, 677, 643, 1385, 579, 898, 614, 558, 693, 689, 838, 889, 668, 912, 577, 1278, 786, 759, 553, 660, 673, 807, 740, 696, 2067, 651, 779, 773, 686, 735, 1007, 1181, 760, 666, 663, 574, 651, 997, 826, 635, 751, 633, 637, 829, 752, 825, 665, 669, 1001, 1532, 555, 1144, 1357, 661, 660, 822, 655, 766, 786, 720, 663, 735, 982, 810, 674, 705, 745, 1050, 1054, 1407, 654, 1061, 598, 840, 900, 824, 1020, 708, 723, 672, 687, 716, 568, 694, 782, 717, 942, 728, 1091, 1129, 733, 1077, 756, 1156, 671, 717, 655, 798, 687, 1298, 722, 549, 515, 945, 1492, 1074, 722, 594, 654, 1160, 609, 789, 1534, 1018, 672, 649, 692, 792, 781, 923, 886, 723, 599, 1132, 669, 1444, 688, 624, 591, 796, 1005, 573, 653, 727, 624, 756, 1447, 942, 773, 603, 582, 1144, 721, 649, 673, 587, 772, 639, 1075, 739, 717, 821, 640, 624, 728, 727, 662, 1058, 694, 797, 656, 1162, 1272, 834, 761, 703, 1110, 643, 851, 894, 1204, 594, 951, 645, 804, 982, 653, 784, 721, 799, 1241, 677, 1021, 781, 700, 777, 1096, 894, 669, 620, 724, 636, 642, 706, 603, 849, 1117, 924, 1153, 1286, 543, 921, 1421, 973, 764, 710, 557, 1040, 611, 802, 1136, 726, 1506, 724, 624, 631, 618, 712, 750, 861, 558, 1142, 638, 678, 670, 628, 838, 697, 636, 1275, 935, 779, 665, 591, 563, 562, 1014, 761, 779, 692, 634, 899, 1065, 1180, 865, 683, 668, 992, 773, 593, 1099, 1061, 808, 1159, 818, 1246, 694, 779, 601, 761, 714, 728, 848, 981, 742, 667, 665, 783, 621, 1455, 613, 794, 652, 657, 1193, 686, 1451, 554, 782, 699, 816, 575, 1036, 670, 894, 1117, 846, 744, 660, 920, 806, 1066, 1037, 768, 978, 823, 1605, 1072, 707, 723, 703, 959, 1156, 812, 563, 709, 601, 711, 515, 969, 602, 622, 1084, 1069, 909, 684, 934, 865, 565, 784, 832, 863, 663, 690, 708, 1352, 752, 653, 641, 628, 739, 695, 586, 746, 625, 1243, 699, 592, 667, 838, 1011, 745, 810, 700, 981, 1017, 575, 694, 687, 742, 687, 749, 591, 735, 696, 619, 749, 1757, 682, 658, 591, 1181, 822, 1060, 646, 836, 536, 635, 689, 711, 566, 722, 806, 2006, 730, 606, 791, 554, 1530, 712, 1007, 1122, 659, 1322, 790, 1240, 892, 771, 533, 652, 592, 903, 1065, 1061, 722, 984, 1003, 594, 781, 844, 895, 702, 1007, 730, 782, 683, 743, 638, 882, 698, 1054, 745, 694, 598, 799, 793, 732, 698, 660, 688, 579, 894, 926, 787, 728, 584, 590, 986, 589, 623, 1411, 702, 1264, 717, 710, 958, 654, 1248, 876, 710, 779, 895, 757, 618, 713, 677, 634, 703, 1198, 663, 939, 950, 759, 830, 1161, 644, 562, 638, 916, 794, 831, 660, 834, 735, 678, 638, 600, 1270, 737, 676, 669, 720, 681, 630, 576, 807, 667, 854, 573, 885, 995, 798, 718, 750, 617, 657, 646, 896, 1017, 621, 1114, 853, 832, 933, 602, 871, 767, 773, 784, 795, 919, 1125, 744, 688, 699, 755, 643, 996, 1103, 704, 886, 764, 1095, 622, 1010]
lower:  343.8042507944878
upper:  1301.939467798477
max :  2854
Identified outliers: 33
% of outliers :  0.0414572864321608
[1748, 1476, 1328, 1562, 1527, 1344, 2854, 2072, 2026, 1490, 1341, 1424, 1303, 1385, 2067, 1532, 1357, 1407, 1492, 1534, 1444, 1447, 1421, 1506, 1455, 1451, 1605, 1352, 1757, 2006, 1530, 1322, 1411]
outliers removed!
removing outliers function 
individual lengths : [1583, 768, 804, 877, 751, 727, 666, 867, 723, 670, 807, 610, 897, 675, 828, 648, 923, 1245, 730, 730, 803, 661, 558, 744, 934, 703, 731, 683, 589, 651, 817, 626, 811, 668, 780, 789, 1067, 1157, 677, 851, 721, 583, 1173, 1013, 684, 635, 835, 806, 1332, 1257, 746, 697, 619, 569, 714, 1291, 880, 829, 911, 884, 1086, 1366, 1586, 743, 705, 813, 687, 825, 779, 1167, 619, 757, 634, 786, 1322, 1240, 1100, 1096, 941, 1604, 735, 800, 1031, 769, 1483, 745, 616, 772, 868, 643, 733, 608, 1738, 831, 646, 800, 947, 884, 605, 941, 853, 707, 711, 697, 949, 712, 688, 704, 819, 657, 1285, 755, 670, 726, 938, 597, 723, 662, 1247, 657, 563, 576, 764, 955, 639, 1223, 634, 890, 728, 651, 634, 616, 657, 798, 972, 823, 665, 654, 705, 554, 861, 1095, 730, 679, 1107, 916, 604, 1018, 809, 791, 652, 693, 998, 945, 1064, 849, 699, 582, 635, 622, 710, 876, 2660, 899, 725, 1093, 865, 863, 1198, 864, 712, 692, 628, 701, 1061, 667, 875, 991, 675, 732, 636, 645, 806, 1004, 778, 742, 746, 1168, 1125, 686, 662, 633, 566, 777, 614, 1449, 769, 963, 1000, 1005]
lower:  325.2403482039225
upper:  1356.0296517960774
max :  2660
Identified outliers: 8
% of outliers :  0.04
[1583, 1366, 1586, 1604, 1483, 1738, 2660, 1449]
outliers removed!
data03
extracted mfcc
max len :  1332
(955, 1332, 13)
inside meta features function
size of each batch : torch.Size([955, 1332, 13])
stats for mfcc dimension :
mean:  tensor([-168.6441,   47.1834,    2.3661,   14.8540,   -2.8307,   -2.9771,
          -7.7902,   -2.5763,   -5.7444,   -2.1260,   -4.1675,   -0.8812,
          -3.0453], device='cuda:0')
shape of mean :  torch.Size([1332, 13])
variance:  tensor([13299.2139,  2574.5950,   856.9673,   657.3478,   364.3575,   274.8958,
          230.9075,   177.5501,   151.6999,   115.9360,    94.0746,    82.2732,
           78.4066], device='cuda:0')
skewness:  tensor([-2.5979,  2.3222,  1.0934,  3.2598, -1.1867, -0.4110, -2.2850, -2.5846,
        -3.2653, -2.1934, -2.7416, -1.3557, -2.7171], device='cuda:0')
kurtosis:  tensor([27.6963, 32.3472, 43.4369, 52.4998, 54.9569, 49.2709, 45.5085, 51.9852,
        54.6124, 52.6857, 50.7615, 49.8241, 51.4098], device='cuda:0')
after using cuda: 
<class 'torch.Tensor'>
stats accross data :
mean:  -10.490728378295898
variance:  4863.2021484375
skewness:  -3.9508297443389893
kurtosis:  21.57455825805664
data05
removing outliers function 
individual lengths : [241, 188, 278, 177, 237, 309, 278, 300, 234, 311, 265, 276, 160, 237, 249, 297, 245, 271, 280, 245, 199, 253, 172, 294, 290, 163, 209, 251, 263, 228, 304, 183, 254, 226, 308, 247, 309, 309, 263, 189, 177, 260, 266, 279, 257, 306, 241, 235, 291, 314, 285, 343, 294, 239, 289, 151, 265, 227, 299, 309, 250, 320, 217, 131, 311, 405, 301, 284, 321, 186, 285, 309, 249, 276, 206, 167, 274, 260, 244, 300, 306, 277, 251, 65, 208, 200, 291, 91, 169, 152, 289, 295, 255, 159, 282, 282, 259, 441, 282, 295, 286, 174, 175, 140, 314, 249, 243, 221, 198, 268, 244, 274, 214, 266, 263, 193, 300, 213, 284, 257, 258, 275, 311, 298, 259, 437, 260, 296, 300, 287, 384, 127, 245, 143, 307, 258, 185, 188, 214, 304, 282, 513, 246, 293, 304, 280, 178, 261, 265, 222, 240, 305, 295, 253, 265, 278, 203, 191, 234, 306, 218, 220, 249, 220, 223, 289, 280, 282, 277, 252, 285, 271, 258, 268, 241, 227, 133, 202, 262, 177, 188, 258, 231, 173, 202, 106, 281, 411, 267, 257, 260, 312, 188, 304, 152, 273, 139, 233, 301]
lower:  133.06799410387123
upper:  373.0626591624604
max :  513
Identified outliers: 12
% of outliers :  0.06030150753768844
[131, 405, 65, 91, 441, 437, 384, 127, 513, 133, 106, 411]
outliers removed!
removing outliers function 
individual lengths : [202, 244, 298, 225, 208, 210, 259, 278, 248, 307, 299, 164, 522, 264, 197, 202, 303, 287, 273, 295, 278, 257, 211, 257, 263, 224, 260, 280, 311, 128, 183, 296, 291, 195, 290, 242, 411, 298, 300, 280, 133, 310, 299, 265, 288, 189, 249, 160, 209, 247, 237, 214, 294, 267, 138, 318, 175, 281, 282, 297, 294, 222, 259, 229, 295, 289, 306, 95, 272, 304, 178, 260, 266, 256, 279, 304, 199, 176, 265, 246, 245, 278, 231, 309, 112, 309, 268, 266, 247, 270, 154, 243, 200, 289, 304, 195, 384, 266, 261, 253, 328, 266, 308, 191, 174, 269, 222, 175, 229, 241, 210, 286, 174, 341, 258, 360, 211, 159, 248, 117, 302, 299, 177, 303, 269, 352, 272, 233, 266, 261, 309, 294, 280, 306, 179, 194, 274, 116, 304, 300, 196, 217, 304, 234, 243, 244, 265, 60, 240, 250, 259, 204, 296, 304, 211, 284, 165, 222, 308, 304, 65, 258, 218, 230, 226, 251, 238, 226, 298, 237, 220, 262, 119, 205, 218, 257, 244, 227, 229, 307, 139, 249, 168, 181, 296, 359, 278, 218, 251, 143, 287, 92, 188, 312, 232, 269, 152, 239, 306, 211, 292, 159, 170, 271, 86, 292, 143, 302, 260, 215, 192, 217, 247, 358, 242, 253, 283, 241, 273, 89, 275, 298, 172, 347, 291, 230, 468, 111, 184, 273, 411, 241, 233, 306, 255, 105, 289, 301, 255, 240, 258, 267, 223, 208, 306, 267, 213, 275, 170, 221, 231, 234, 126, 299, 193, 270, 75, 252, 299, 207, 276, 290, 280, 231, 285, 226, 217, 136, 266, 270, 280, 281, 179, 205, 186, 148, 308, 290, 274, 309, 287, 242, 98, 352, 237, 301, 298, 203, 262, 202, 289, 276, 144, 164, 295, 178, 298, 180, 146, 212, 112, 145, 348, 259, 374, 216, 271, 105, 221, 200, 423, 245, 284, 271, 290, 240, 299, 176, 200, 216, 270, 183, 219, 303, 290, 153, 193, 239, 301, 261, 291, 265, 254, 302, 123, 298, 256, 306, 313, 306, 206, 211, 303, 122, 243, 202, 214, 238, 145, 160, 187, 285, 150, 270, 169, 294, 144, 302, 289, 281, 239, 254, 257, 299, 241, 310, 287, 275, 231, 279, 122, 290, 238, 303, 261, 148, 232, 243, 308, 310, 246, 275, 269, 191, 276, 120, 194, 187, 225, 264, 227, 242, 179, 297, 240, 254, 251, 294, 173, 238, 281, 250, 302, 398, 301, 302, 250, 299, 206, 286, 293, 290, 164, 245, 290, 194, 246, 258, 302, 60, 204, 460, 311, 236, 223, 267, 244, 277, 124, 190, 260, 302, 252, 311, 347, 245, 301, 313, 205, 160, 107, 217, 150, 206, 242, 155, 173, 276, 216, 222, 194, 246, 286, 266, 262, 232, 303, 286, 266, 216, 197, 230, 140, 291, 263, 312, 293, 236, 306, 245, 240, 239, 404, 285, 268, 159, 147, 179, 481, 285, 399, 166, 281, 313, 291, 268, 263, 204, 279, 203, 283, 288, 242, 293, 241, 229, 259, 285, 233, 249, 263, 301, 293, 290, 240, 290, 289, 209, 217, 199, 265, 117, 177, 211, 402, 285, 179, 236, 338, 294, 236, 123, 118, 309, 298, 211, 283, 240, 293, 308, 244, 219, 271, 251, 284, 55, 229, 285, 259, 277, 308, 259, 209, 280, 288, 246, 273, 311, 192, 292, 280, 284, 229, 286, 269, 195, 252, 299, 224, 248, 258, 257, 273, 259, 263, 204, 274, 204, 81, 259, 240, 226, 90, 204, 173, 306, 300, 303, 133, 266, 247, 276, 264, 304, 305, 182, 289, 109, 287, 197, 261, 227, 297, 236, 235, 345, 154]
lower:  120.77371041128742
upper:  371.8594554178583
max :  522
Identified outliers: 38
% of outliers :  0.06365159128978225
[522, 411, 95, 112, 384, 117, 116, 60, 65, 119, 92, 86, 89, 468, 111, 411, 105, 75, 98, 112, 374, 105, 423, 120, 398, 60, 460, 107, 404, 481, 399, 117, 402, 118, 55, 81, 90, 109]
outliers removed!
data05
extracted mfcc
max len :  360
(746, 360, 13)
inside meta features function
size of each batch : torch.Size([746, 360, 13])
stats for mfcc dimension :
mean:  tensor([-236.7679,   55.7642,   -0.7756,   15.6612,   -3.5984,   -0.4733,
          -8.8452,   -3.6662,   -5.0839,   -2.8481,   -4.9614,   -2.2449,
          -3.4232], device='cuda:0')
shape of mean :  torch.Size([360, 13])
variance:  tensor([20957.7969,  3211.9487,   847.2474,   741.8273,   500.7599,   248.0533,
          310.0931,   186.6639,   162.1214,   155.0884,   134.2751,    96.2767,
          106.7546], device='cuda:0')
skewness:  tensor([-2.1590,  1.7545, -0.7082,  2.6796, -1.8847, -1.2052, -2.3194, -1.0625,
        -1.4390, -1.8264, -2.2088, -1.3686, -1.7000], device='cuda:0')
kurtosis:  tensor([20.2983, 26.6456, 35.1569, 37.2696, 36.7666, 28.5589, 32.9757, 38.8032,
        31.8381, 40.4887, 33.7180, 33.3168, 39.3100], device='cuda:0')
after using cuda: 
<class 'torch.Tensor'>
stats accross data :
mean:  -15.481751441955566
variance:  7993.7197265625
skewness:  -4.123022079467773
kurtosis:  21.08360481262207
data01
removing outliers function 
individual lengths : [169, 126, 249, 344, 132, 223, 308, 571, 342, 176, 241, 137, 186, 153, 216, 139, 608, 332, 162, 324, 264, 136, 158, 326, 194, 383, 782, 169, 557, 192, 303, 322, 323, 187, 137, 246, 482, 143, 262, 167, 181, 132, 1828, 378, 168, 474, 247, 406, 272, 352, 414, 133, 209, 184, 163, 138, 164, 273, 156, 234, 139, 194, 393, 233, 359, 137, 139, 306, 156, 209, 193, 171, 168, 136, 469, 632, 144, 284, 137, 187, 194, 129, 278, 152, 131, 248, 779, 486, 162, 223, 518, 136, 131, 139, 413, 143, 248, 138, 326, 142, 569, 152, 268, 243, 138, 178, 244, 161, 172, 589, 237, 326, 231, 216, 261, 248, 219, 409, 189, 194, 196, 577, 228, 249, 133, 156, 296, 193, 176, 133, 141, 166, 168, 251, 196, 316, 164, 646, 671, 181, 541, 377, 126, 127, 152, 217, 134, 223, 243, 293, 128, 211, 216, 126, 324, 463, 204, 541, 347, 502, 151, 174, 264, 429, 352, 311, 228, 651, 211, 163, 294, 383, 124, 239, 143, 596, 269, 468, 249, 139, 367, 586, 247, 451, 137, 403, 177, 199, 152, 354, 141, 329, 126, 187, 126, 212, 192, 169, 261, 236, 193, 181, 262, 248, 151, 147, 264, 167, 213, 297, 127, 646, 259, 183, 179, 1129, 191, 331, 147, 131, 182, 236, 153, 362, 152, 151, 169, 152, 684, 308, 201, 198, 173, 152, 181, 149, 209, 138, 241, 373, 269, 1253, 143, 208, 186, 224, 616, 159, 176, 154, 189, 154, 178, 158, 177, 162, 174, 159, 653, 128, 343, 196, 131, 289, 133, 172, 439, 158, 183, 183, 217, 141, 244, 253, 489, 159, 162, 444, 171, 154, 143, 197, 216, 406, 183, 219, 234, 251, 199, 241, 131, 133, 138, 886, 141, 162, 232, 133, 144, 138, 162, 174, 187, 217, 131, 174, 132, 502, 269, 449, 686, 143, 184, 127, 139, 126, 543, 124, 178, 186, 369, 281, 169, 289, 408, 277, 263, 316, 147, 169, 163, 711, 237, 139, 209, 311, 334, 127, 236, 202, 329, 344, 206, 188, 162, 184, 167, 264, 242, 291, 251, 283, 126, 126, 163, 176, 268, 148, 408, 354, 416, 138, 181, 219, 386, 136, 694, 197, 166, 174, 579, 457, 409, 128, 184, 493, 307, 419, 224, 482, 226, 596, 691, 334, 174, 144, 138, 196, 508, 411, 138, 317, 193, 153, 482, 163, 214, 311, 152, 299, 379, 139, 296, 166, 424, 237, 233, 352, 956, 231, 629, 213, 271, 144, 369, 137, 163, 138, 304, 132, 161, 379, 148, 568, 154, 192, 197, 453, 194, 136, 141, 158, 239, 178, 389, 243, 157, 139, 217, 623, 252, 342, 2237, 347, 191, 129, 241, 184, 194, 466, 254, 608, 192, 133, 221, 464, 377, 139, 291, 171, 129, 166, 191, 453, 207, 186, 161, 388, 131, 148, 153, 249, 132, 184, 204, 147, 291, 697, 266, 157, 268, 179, 179, 223, 197, 221, 222, 251, 141, 126, 171, 192, 158, 162, 784, 191, 662, 173, 236, 287, 573, 277, 137, 154, 156, 167, 189, 128, 217, 133, 158, 229, 223, 428, 153, 623, 281, 126, 478, 261, 336, 199, 158, 162, 167, 497, 244, 198, 128, 382, 137, 171, 187, 142, 631, 297, 197, 144, 189, 396, 344, 166, 186, 154, 146, 143, 187, 391, 146, 239, 222, 186, 131, 227, 156, 162, 174, 238, 637, 218, 263, 132, 168, 218, 552, 351, 292, 276, 253, 263, 274, 266, 314, 183, 594, 253, 138, 346, 141, 146, 137, 333, 142, 306, 147, 164, 228, 372, 154, 146, 469, 791, 153, 167, 154, 139, 148, 126, 184, 338, 147, 177, 174, 138, 207, 209, 306, 329, 169, 339, 124, 171, 148, 148, 297, 164, 157, 437, 296, 167, 914, 259, 163, 282, 134, 194, 227, 169, 282, 244, 648, 319, 256, 242, 364, 173, 238, 127, 167, 183, 158, 131, 171, 127, 217, 409, 137, 154, 271, 127, 172, 223, 326, 169, 209, 269, 199, 267, 189, 142, 153, 129, 263, 274, 136, 346, 263, 139, 227, 434, 174, 176, 262, 304, 329, 174, 164, 141, 147, 183, 191, 191, 194, 171, 171, 177, 504, 169, 474, 459, 284, 538, 254, 164, 141, 126, 173, 161, 198, 132, 181, 317, 128, 193, 219, 134, 242, 136, 249, 183, 342, 397, 496, 309, 171, 129, 228, 166, 657, 176, 226, 413, 158, 128, 171, 158, 209, 372, 468, 463, 318, 164, 796, 131, 453, 279, 173, 124, 186, 124, 528, 193, 308, 288, 394, 436, 176, 138, 224, 128, 142, 324, 293, 206, 131, 203, 141, 136, 163, 272, 143, 164, 211, 186, 228, 228, 124, 202, 164, 624, 218, 164, 126, 176, 183, 142, 332, 172, 143, 139, 289, 181, 239, 191, 126, 454, 196, 392, 156, 204, 136, 339, 238, 208, 362, 296, 316, 187, 191, 336, 133, 297, 757, 146, 176, 217, 143, 153, 227, 264, 159, 201, 127, 127, 139, 144, 186, 161, 159, 304, 209, 383, 177, 618, 573, 129, 232, 188, 351, 172, 144, 226, 221, 676, 249, 178, 162, 186, 176, 148, 442, 124, 298, 231, 179, 544, 364, 131, 177, 146, 637, 344, 218, 458, 142, 214, 126, 194, 131, 147, 143, 126, 138, 247, 428, 341, 308, 149, 287, 332, 198, 174, 417, 142, 216, 194, 194, 189, 156, 139, 331, 753, 193, 206, 412, 152, 202, 441, 246, 303, 161, 146, 303, 311, 237, 203, 126, 483, 184, 214, 909, 164, 314, 209, 184, 342, 408, 887, 166, 272, 313, 177, 272, 229, 168, 202, 168, 232, 138, 153, 274, 139, 154, 222, 228, 387, 307, 409, 482, 176, 127, 182, 213, 153, 308, 279, 124, 277, 179, 236, 147, 267, 172, 1191, 124, 139, 231, 132, 243, 646, 132, 126, 386, 413, 203, 213, 322, 678, 129, 273, 134, 181, 148, 144, 221, 184, 138, 287, 139, 152, 223, 144, 206, 151, 316, 128, 191, 127, 611, 237, 156, 132, 249, 229, 216, 157, 183, 171, 231, 193, 206, 148, 216, 442, 129, 404, 232, 186, 157, 131, 152, 663, 182, 186, 384, 372, 206, 211, 218, 131, 139, 151, 146, 171, 168, 389, 236, 364, 283, 338, 166, 346, 187, 248, 179, 199, 134, 502, 318, 219, 161, 143, 136, 279, 313, 274, 292, 1089, 168, 148, 524, 141, 133, 657, 146, 203, 177, 346, 216, 171, 236, 297, 302, 274, 132, 168, 142, 337, 182, 192, 232, 143, 273, 212, 174, 283, 301, 334, 136, 236, 248, 211, 324, 223, 156, 164, 136, 146, 136, 293, 304, 151, 171, 304, 142, 174, 351, 231, 609, 203, 554, 239, 408, 599, 294, 624, 257, 138, 138, 134, 167, 292, 197, 179, 241, 402, 473, 171, 602, 203, 789, 329, 182, 174, 124, 132, 187, 206, 198, 367, 936, 463, 213, 183, 807, 196, 126, 131, 268, 274, 202, 346, 148, 141, 199, 209, 241, 271, 163, 523, 229, 176, 286, 156, 203, 319, 173, 204, 161, 344, 209, 197, 182, 566, 177, 559, 288, 143, 276, 257, 127, 143, 157, 132, 319, 206, 356, 309, 251, 467, 183, 178, 131, 133, 136, 296, 131, 402, 203, 294, 161, 204, 144, 233, 158, 401, 243, 247, 146, 212, 132, 208, 131, 214, 267, 301, 301, 269, 227, 149, 204, 182, 274, 146, 763, 386, 124, 502, 347, 253, 216, 176, 218, 272, 156, 154, 127, 169, 183, 259, 493, 182, 249, 332, 472, 182, 251, 133, 153, 138, 719, 208, 178, 124, 179, 449, 239, 283, 271, 351, 129, 127, 339, 288, 307, 249, 162, 596, 244, 129, 262, 161, 539, 127, 749, 267, 193, 308, 202, 217, 159, 203, 229, 233, 234, 326, 212, 276, 171, 557, 178, 177, 352, 311, 516, 133, 218, 266, 144, 331, 179, 709, 256, 137, 179, 174, 216, 332, 141, 189, 142, 214, 147, 353, 367, 432, 138, 163, 158, 147, 343, 239, 172, 129, 186, 138, 247, 162, 508, 327, 162, 638, 137, 589, 138, 131, 298, 156, 733, 169, 124, 198, 251, 126, 268, 581, 313, 131, 241, 127, 823, 293, 152, 131, 148, 293, 204, 134, 151, 228, 139, 142, 199, 272, 456, 222, 409, 151, 147, 432, 404, 326, 153, 189, 146, 216, 267, 261, 159, 216, 177, 463, 408, 303, 144, 178, 341, 158, 227, 137, 491, 161, 306, 132, 206, 177, 202, 138, 346, 258, 413, 462, 207, 237, 189, 204, 199, 957, 169, 341, 136, 203, 644, 193, 203, 567, 381, 171, 204, 267, 156, 448, 151, 163, 154, 124, 276, 543, 143, 172, 483, 213, 142, 193, 327, 194, 157, 127, 137, 179, 124, 586, 241, 217, 356, 194, 182, 167, 201, 229, 196, 144, 591, 293, 251, 561, 242, 389, 131, 136, 339, 243, 156, 128, 146, 213, 126, 129, 401, 141, 718, 342, 474, 209, 199, 223, 266, 248, 213, 218, 258, 151, 191, 127, 353, 151, 366, 133, 219, 397, 458, 174, 713, 134, 182, 318, 251, 299, 131, 191, 131, 253, 214, 128, 147, 204, 233, 358, 138, 173, 186, 192, 566, 304, 306, 177, 247, 233, 258, 136, 311, 132, 159, 214, 327, 172, 163, 547, 306, 132, 133, 179, 293, 231, 142, 324, 283, 127, 127, 124, 252, 193, 132, 166, 187, 129, 128, 131, 291, 132, 258, 523, 181, 238, 133, 174, 311, 271, 338, 158, 183, 258, 127, 138, 298, 138, 508, 296, 249, 238, 139, 269, 138, 188, 564, 219, 159, 254, 344, 552, 199, 124, 458, 553, 134, 254, 247, 311, 146, 409, 138, 246, 133, 221, 457, 159, 231, 269, 172, 218, 183, 242, 503, 367, 124, 164, 194, 203, 698, 142, 747, 234, 172, 148, 234, 308, 243, 319, 148, 336, 147, 139, 233, 267, 237, 136, 226, 234, 337, 619, 267, 156, 152, 194, 206, 199, 214, 162, 229, 302, 354, 188, 613, 147, 196, 179, 314, 176, 729, 392, 186, 376, 152, 288, 266, 194, 368, 152, 181, 239, 698, 146, 228, 194, 623, 322, 318, 124, 144, 127, 132, 241, 154, 126, 528, 137, 419, 709, 206, 194, 128, 146, 128, 187, 598, 258, 418, 152, 458, 178, 168, 234, 167, 217, 381, 299, 194, 338, 207, 136, 198, 307, 142, 149, 638, 178, 236, 643, 453, 166, 823, 753, 179, 158, 379, 239, 369, 291, 149, 227, 304, 1139, 177, 147, 227, 146, 186, 141, 149, 182, 148, 137, 147, 322, 186, 157, 459, 157, 193, 142, 169, 212, 202, 174, 488, 751, 252, 419, 126, 164, 194, 226, 529, 124, 439, 159, 154, 259, 176, 171, 126, 159, 246, 871, 163, 222, 133, 184, 194, 313, 162, 209, 243, 152, 331, 241, 199, 374, 268, 127, 219, 637, 233, 167, 134, 171, 1003, 141, 211, 203, 281, 197, 393, 142, 158, 569, 314, 157, 2287, 583, 174, 139, 163, 139, 166, 129, 198, 514, 494, 614, 136, 149, 303, 242, 238, 224, 187, 1089, 216, 166, 332, 461, 496, 196, 257, 124, 391, 353, 157, 174, 194, 352, 161, 712, 383, 381, 126, 143, 351, 183, 153, 141, 229, 361, 172, 182, 139, 144, 126, 144, 441, 173, 211, 512, 163, 151, 151, 398, 223, 378, 169, 202, 156, 152, 247, 129, 209, 183, 253, 408, 173, 1051, 248, 637, 156, 357, 169, 311, 347, 334, 208, 268, 136, 791, 152, 443, 253, 214, 224, 148, 337, 271, 172, 273, 128, 177, 131, 161, 239, 307, 321, 192, 341, 208, 287, 164, 132, 147, 739, 179, 144, 136, 201, 144, 147, 198, 261, 209, 229, 421, 179, 142, 329, 174, 167, 169, 298, 249, 156, 558, 209, 543, 304, 233, 236, 209, 223, 382, 167, 133, 212, 147, 152, 273, 138, 304, 459, 533, 278, 352, 324, 428, 206, 133, 624, 129, 132, 181, 169, 606, 128, 442, 184, 134, 149, 263, 126, 143, 548, 153, 193, 249, 329, 682, 396, 144, 206, 137, 127, 143, 148, 186, 304, 164, 164, 144, 529, 347, 143, 138, 474, 189, 259, 184, 251, 226, 187, 186, 288, 227, 137, 219, 301, 787, 354, 419, 126, 167, 227, 158, 186, 177, 211, 192, 207, 302, 734, 172, 124, 668, 248, 279, 132, 156, 241, 194, 181, 262, 559, 193, 136, 146, 158, 239, 184, 287, 346, 268, 192, 144, 166, 138, 173, 418, 131, 223, 276, 1984, 279, 249, 587, 626, 149, 151, 154, 522, 132, 132, 144, 177, 281, 844, 162, 283, 241, 137, 508, 497, 238, 564, 132, 169, 131, 562, 154, 152, 562, 131, 316, 354, 148, 201, 133, 328, 234, 193, 196, 331, 343, 311, 149, 244, 307, 172, 292, 152, 157, 208, 697, 193, 177, 172, 194, 142, 143, 263, 238, 206, 146, 723, 128, 191, 263, 137, 139, 199, 282, 254, 312, 378, 132, 172, 177, 214, 126, 198, 214, 217, 184, 454, 157, 313, 171, 144, 147, 137, 254, 126, 321, 134, 186, 531, 149, 243, 157, 132, 202, 1181, 176, 366, 172, 293, 127, 241, 311, 236, 176, 223, 204, 276, 356, 128, 144, 199, 163, 362, 207, 433, 514, 284, 372, 254, 176, 138, 126, 188, 139, 191, 414, 137, 126, 181, 298, 124, 642, 493, 146, 124, 162, 577, 232, 151, 289, 488, 219, 261, 204, 289, 128, 207, 259, 153, 146, 144, 139, 204, 542, 171, 153, 312, 168, 243, 272, 137, 177, 138, 224, 286, 153, 179, 147, 192, 152, 268, 278, 263, 577, 128, 179, 202, 279, 241, 124, 159, 247, 151, 161, 328, 127, 462, 247, 143, 398, 376, 261, 124, 157, 526, 179, 231, 593, 167, 257, 173, 229, 148, 147, 176, 188, 139, 234, 148, 134, 179, 576, 417, 292, 149, 297, 271, 217, 472, 212, 276, 379, 211, 187, 432, 457, 461, 632, 261, 128, 639, 387, 398, 183, 298, 276, 586, 154, 324, 222, 139, 276, 227, 423, 266, 196, 184, 173, 183, 167, 187, 286, 128, 308, 378, 193, 239, 216, 146, 263, 553, 453, 243, 194, 184, 288, 166, 167, 136, 126, 262, 316, 224, 142, 848, 143, 282, 869, 294, 264, 632, 256, 529, 171, 167, 614, 251, 493, 166, 173, 198, 182, 129, 147, 133, 188, 174, 304, 343, 153, 191, 158, 232, 161, 249, 218, 169, 337, 129, 222, 144, 392, 552, 139, 168, 314, 149, 408, 276, 181, 782, 741, 193, 1021, 172, 202, 217, 562, 169, 129, 186, 166, 152, 312, 257, 196, 524, 154, 166, 449, 142, 154, 242, 288, 192, 356, 139, 133, 204, 223, 179, 211, 262, 137, 167, 129, 212, 909, 999, 126, 386, 127, 181, 237, 244, 557, 192, 166, 162, 177, 147, 146, 272, 156, 143, 138, 133, 287, 204, 166, 197, 431, 131, 129, 147, 284, 154, 496, 461, 258, 164, 217, 276, 197, 311, 377, 138, 388, 696, 304, 274, 167, 189, 173, 286, 192, 144, 159, 184, 299, 161, 153, 157, 148, 178, 124, 131, 424, 261, 181, 388, 239, 328, 378, 133, 139, 296, 178, 132, 206, 203, 132, 164, 159, 147, 706, 284, 228, 522, 314, 136, 259, 149, 124, 331, 351, 143, 131, 147, 149, 274, 399, 207, 508, 254, 332, 326, 228, 281, 134, 218, 138, 209, 166, 131, 417, 138, 323, 219, 151, 131, 217, 153, 274, 237, 186, 129, 404, 133, 162, 229, 147, 201, 134, 178, 219, 158, 169, 249, 163, 223, 421, 377, 157, 127, 297, 134, 346, 192, 128, 173, 194, 147, 826, 182, 196, 266, 144, 276, 227, 157, 129, 157, 381, 273, 473, 133, 217, 428, 289, 378, 567, 201, 189, 236, 146, 127, 161, 132, 269, 493, 177, 709, 167, 144, 178, 866, 196, 132, 149, 271, 476, 267, 241, 178, 208, 399, 151, 546, 128, 1188, 268, 159, 334, 469, 343, 172, 451, 148, 133, 213, 272, 341, 533, 243, 163, 533, 631, 899, 219, 148, 238, 543, 239, 586, 173, 309, 193, 124, 174, 179, 159, 236, 171, 409, 262, 167, 252, 161, 214, 184, 156, 124, 314, 139, 132, 781, 209, 131, 494, 171, 152, 349, 124, 591, 297, 298, 153, 189, 168, 137, 124, 342, 151, 851, 149, 227, 171, 781, 216, 189, 143, 144, 234, 142, 131, 308, 163, 124, 653, 286, 338, 156, 382, 206, 303, 151, 367, 127, 168, 289, 142, 266, 306, 414, 206, 483, 507, 154, 419, 279, 183, 128, 302, 1047, 384, 153, 287, 132, 176, 621, 228, 381, 198, 178, 433, 179, 403, 171, 316, 141, 173, 186, 214, 124, 242, 167, 294, 377, 227, 217, 356, 272, 259, 179, 153, 172, 301, 131, 428, 124, 719, 177, 126, 131, 313, 138, 147, 276, 214, 326, 174, 202, 242, 322, 208, 189, 247, 599, 368, 267, 254, 154, 236, 153, 171, 131, 962, 186, 301, 233, 182, 143, 431, 211, 158, 186, 997, 463, 826, 148, 174, 601, 137, 188, 231, 177, 162, 151, 184, 274, 221, 383, 166, 459, 222, 179, 154, 144, 137, 191, 129, 168, 386, 139, 351, 153, 158, 139, 277, 218, 133, 179, 131, 143, 133, 178, 388, 131, 199, 298, 314, 202, 141, 356, 234, 138, 689, 226, 138, 147, 234, 179, 152, 194, 129, 346, 751, 124, 161, 217, 488, 1084, 371, 193, 531, 177, 349, 366, 309, 132, 151, 178, 209, 231, 301, 173, 137, 148, 252, 141, 364, 409, 254, 731, 497, 149, 221, 408, 644, 154, 161, 141, 138, 1247, 584, 148, 581, 301, 168, 169, 214, 424, 338, 226, 172, 238, 197, 264, 178, 434, 422, 241, 237, 303, 147, 201, 189, 148, 167, 328, 148, 178, 163, 151, 387, 267, 127, 251, 172, 153, 128, 189, 153, 138, 197, 166, 236, 331, 156, 277, 172, 164, 152, 142, 162, 133, 129, 136, 243, 232, 454, 163, 406, 219, 356, 232, 213, 277, 171, 222, 487, 129, 472, 302, 273, 167, 177, 334, 464, 157, 572, 176, 163, 337, 243, 137, 367, 148, 147, 124, 176, 307, 251, 168, 496, 223, 281, 137, 214, 288, 297, 192, 154, 597, 136, 403, 306, 291, 269, 341, 214, 148, 221, 194, 291, 798, 604, 137, 251, 426, 148, 183, 151, 129, 583, 186, 161, 194, 659, 256, 189, 149, 1439, 138, 132, 457, 132, 668, 149, 124, 161, 507, 259, 188, 306, 127]
lower:  -80.46011946414666
upper:  603.9247861308133
max :  2287
Identified outliers: 144
% of outliers :  0.048
[608, 782, 1828, 632, 779, 646, 671, 651, 646, 1129, 684, 1253, 616, 653, 886, 686, 711, 694, 691, 956, 629, 623, 2237, 608, 697, 784, 662, 623, 631, 637, 791, 914, 648, 657, 796, 624, 757, 618, 676, 637, 753, 909, 887, 1191, 646, 678, 611, 663, 1089, 657, 609, 624, 789, 936, 807, 763, 719, 749, 709, 638, 733, 823, 957, 644, 718, 713, 698, 747, 619, 613, 729, 698, 623, 709, 638, 643, 823, 753, 1139, 751, 871, 637, 1003, 2287, 614, 1089, 712, 1051, 637, 791, 739, 624, 606, 682, 787, 734, 668, 1984, 626, 844, 697, 723, 1181, 642, 632, 639, 848, 869, 632, 614, 782, 741, 1021, 909, 999, 696, 706, 826, 709, 866, 1188, 631, 899, 781, 851, 781, 653, 1047, 621, 719, 962, 997, 826, 689, 751, 1084, 731, 644, 1247, 798, 604, 659, 1439, 668]
outliers removed!
removing outliers function 
individual lengths : [418, 237, 187, 259, 136, 359, 224, 161, 308, 333, 133, 197, 176, 179, 296, 361, 316, 143, 469, 401, 359, 177, 417, 266, 199, 159, 173, 126, 149, 201, 149, 266, 1201, 486, 178, 128, 174, 144, 928, 143, 126, 157, 136, 154, 127, 159, 211, 126, 138, 533, 257, 397, 176, 124, 453, 343, 142, 163, 138, 222, 251, 302, 281, 279, 128, 276, 124, 222, 344, 427, 126, 161, 147, 373, 376, 342, 153, 303, 131, 324, 143, 126, 156, 231, 194, 244, 251, 204, 151, 186, 256, 143, 127, 219, 572, 142, 143, 144, 264, 466, 182, 191, 217, 144, 176, 153, 138, 189, 234, 147, 354, 199, 302, 193, 571, 399, 161, 694, 151, 234, 252, 231, 251, 568, 148, 131, 169, 183, 701, 232, 251, 802, 586, 146, 142, 233, 403, 286, 183, 152, 262, 203, 128, 193, 126, 383, 182, 362, 367, 234, 393, 222, 193, 207, 883, 124, 136, 212, 211, 308, 182, 209, 228, 168, 283, 168, 126, 426, 172, 189, 221, 179, 293, 164, 157, 197, 129, 437, 189, 306, 293, 154, 128, 124, 421, 278, 391, 193, 169, 207, 267, 223, 191, 341, 182, 237, 213, 273, 471, 183, 133, 183, 153, 603, 149, 247, 1239, 198, 179, 168, 287, 216, 138, 129, 479, 273, 126, 147, 188, 359, 164, 254, 308, 141, 229, 449, 163, 142, 138, 271, 378, 273, 126, 141, 129, 154, 353, 204, 134, 258, 276, 342, 239, 186, 171, 133, 137, 207, 298, 128, 128, 728, 372, 599, 441, 291, 217, 142, 168, 154, 134, 236, 159, 149, 124, 571, 189, 757, 124, 363, 189, 154, 919, 161, 151, 174, 153, 463, 204, 204, 578, 216, 403, 392, 408, 179, 211, 182, 134, 387, 337, 233, 269, 133, 197, 286, 592, 408, 197, 238, 154, 567, 262, 164, 244, 1096, 211, 293, 211, 124, 206, 532, 236, 188, 233, 129, 126, 211, 168, 154, 719, 128, 138, 331, 299, 153, 188, 207, 661, 482, 163, 212, 171, 161, 363, 172, 141, 178, 229, 152, 134, 588, 166, 187, 309, 268, 233, 162, 261, 183, 139, 482, 151, 127, 464, 321, 228, 136, 126, 418, 147, 332, 154, 196, 162, 208, 137, 156, 554, 386, 128, 271, 248, 208, 269, 213, 157, 191, 402, 211, 162, 221, 237, 421, 314, 182, 128, 183, 132, 129, 307, 229, 387, 172, 567, 172, 476, 181, 447, 126, 126, 403, 241, 298, 147, 277, 228, 287, 176, 151, 243, 171, 154, 329, 203, 339, 236, 187, 236, 156, 307, 251, 146, 128, 197, 438, 156, 129, 338, 441, 172, 138, 274, 163, 531, 141, 278, 256, 134, 158, 264, 249, 208, 153, 436, 194, 519, 127, 401, 314, 238, 171, 144, 133, 164, 173, 187, 162, 184, 236, 134, 333, 331, 241, 193, 313, 536, 312, 562, 167, 209, 312, 142, 196, 304, 198, 271, 184, 194, 124, 579, 238, 233, 339, 171, 158, 162, 232, 424, 134, 266, 129, 219, 151, 159, 311, 382, 264, 273, 247, 394, 197, 148, 249, 223, 184, 127, 158, 259, 577, 792, 214, 189, 328, 344, 132, 157, 198, 268, 124, 404, 168, 204, 141, 247, 316, 131, 382, 439, 428, 604, 151, 173, 197, 132, 468, 453, 344, 236, 134, 167, 281, 371, 183, 268, 201, 147, 128, 418, 152, 274, 131, 127, 646, 407, 167, 136, 331, 147, 193, 207, 127, 158, 267, 126, 192, 216, 486, 536, 823, 251, 152, 239, 316, 301, 731, 318, 177, 529, 142, 167, 211, 262, 301, 204, 374, 182, 151, 182, 554, 262, 124, 327, 147, 177, 256, 197, 221, 141, 134, 141, 141, 307, 279, 146, 209, 156, 212, 287, 232, 304, 206, 146, 139, 148, 534, 393, 356, 244, 381, 127, 246, 128, 408, 221, 369, 259, 131, 414, 144, 208, 223, 139, 437, 199, 333, 233, 301, 127, 202, 479, 166, 133, 178, 596, 573, 258, 267, 268, 212, 163, 538, 159, 156, 156, 148, 412, 297, 161, 186, 373, 264, 211, 443, 127, 132, 1051, 209, 134, 184, 134, 319, 289, 411, 144, 629, 222, 157, 828, 127, 187, 209, 189, 134, 128, 728, 164, 207, 771, 142, 201, 208, 279, 868, 129, 193, 229, 208, 182, 243, 217, 198, 132, 132, 289, 304, 541, 288, 403, 196, 127, 482, 197, 282, 291, 133, 269, 339, 153, 394, 204, 153, 316, 359, 233, 124, 403, 278, 174, 387, 129, 133, 144, 189, 178, 381, 321, 134, 169, 162, 177, 307, 157, 156, 183, 124, 261, 226, 277, 173, 444, 173, 178, 577, 323, 409, 247, 491, 269, 469, 152, 191, 179, 207, 212, 134, 146, 216, 177, 183, 247, 163, 209, 141, 228, 282, 291, 153, 442, 366, 134, 242, 133, 126, 137, 191, 199, 128, 201, 139, 174, 384, 138, 174, 126, 281, 472, 673, 809, 273, 202, 346, 254, 141, 218, 213, 474, 344, 441, 187, 153, 132, 154, 627, 357, 192, 774, 239, 132, 129, 167, 129, 238, 839, 619, 217, 203, 157, 158, 236, 131, 226, 381, 161, 473, 321, 254, 334, 178, 212, 203, 147, 138, 416, 182, 352, 159, 147, 124, 487, 156, 302, 236, 187, 124, 157, 141, 171, 359, 208, 299, 216, 527, 331, 151, 252, 132, 229, 124, 132, 186, 156, 238, 628, 443, 213, 159, 367, 256, 532, 251, 153, 201, 231, 987, 464, 137, 208, 257, 133, 228, 156, 203, 154, 226, 347, 368, 148, 266, 134, 186, 156, 169, 166, 132, 168, 546, 211, 523, 201, 288, 597, 431, 167, 268, 263, 217, 351, 132, 676, 348, 606, 133, 131, 141, 146, 204, 153, 191, 158, 178, 627, 309, 132, 203, 138, 138, 134, 148, 159, 281, 189, 156, 131, 229, 131, 338, 202, 204, 198, 258, 203, 268, 184, 153, 127, 733, 168, 214, 177, 338, 128, 162, 454, 124, 191, 204, 353, 224, 134, 228, 153, 188, 164, 196, 709, 174, 194, 499, 138, 136, 214, 157, 132, 246, 141, 179, 131, 183, 299, 197, 124, 356, 204, 136, 173, 129, 568, 124, 172, 228, 216, 157, 256, 157, 137, 141, 157, 168, 201, 436, 131, 198, 144, 199, 226, 257, 371, 259, 156, 131, 418, 134, 179, 212, 144, 193, 182, 136, 176, 296, 164, 187, 158, 931, 423, 133, 244, 184, 1037, 477, 193, 806, 443, 156, 248, 257, 232, 158, 286, 188, 163, 192, 171, 229, 197, 381, 239, 269, 152, 124, 293, 163, 472, 233, 133, 282, 144, 366, 137, 227, 218, 411, 146, 206, 194, 303, 863, 129, 316, 208, 203, 136, 333, 332, 267, 199, 229, 328, 192, 282, 164, 158, 178, 302, 496, 278, 184, 336, 337, 318, 336, 154, 151, 397, 243, 511, 246, 127, 556, 207, 137, 141, 168, 166, 158, 159, 411, 412, 259, 144, 158, 306, 189, 644, 232, 238, 287, 329, 184, 132, 239, 157, 158, 447, 243, 144, 214, 201, 172, 288, 261, 222, 1593, 217, 182, 196, 143, 1157, 124, 134, 436, 283, 209, 1006, 309, 239, 154, 146, 194, 137, 787, 267, 251, 167, 164, 214, 203, 129, 246, 433, 206, 174, 469, 138, 518, 168, 422, 393, 149, 316, 126, 157, 376, 719, 144, 153, 178, 124, 166, 381, 141, 207, 1041, 199, 447, 141, 269, 233, 367, 204, 141, 206, 148, 274, 217, 253, 322, 416, 264, 292, 642, 181, 146, 258, 401, 248, 174, 153, 128, 152, 144, 139, 233, 222, 176, 249, 309, 134, 336, 213, 162, 509, 132, 289, 208, 177, 131, 178, 267, 158, 377, 163, 134, 137, 363, 442, 217, 196, 163, 402, 1303, 131, 148, 178, 591, 429, 164, 397, 152, 222, 514, 486, 267, 213, 131, 138, 483, 142, 207, 129, 223, 389, 289, 321, 159, 371, 367, 146, 182, 156, 133, 178, 314, 239, 351, 254, 182, 127, 167, 138, 156, 139, 344, 132, 476, 164, 528, 141, 207, 263, 139, 993, 198, 189, 337, 128, 192, 161, 201, 147, 158, 173, 163, 343, 124, 157, 311, 178, 128, 158, 146, 156, 148, 146, 212, 279, 339, 278, 517, 192, 489, 253, 172, 258, 511, 177, 278, 321, 131, 182, 193, 189, 189, 241, 136, 184, 269, 126, 132, 158, 298, 159, 193, 163, 206, 313, 604, 176, 169, 216, 449, 308, 312, 546, 159, 276, 382, 309, 136, 438, 151, 178, 152, 148, 227, 1069, 314, 189, 653, 174, 248, 151, 171, 258, 167, 168, 147, 162, 182, 392, 162, 161, 344, 167, 322, 254, 134, 183, 128, 526, 161, 167, 237, 147, 211, 171, 302, 193, 168, 229, 251, 269, 136, 298, 153, 184, 662, 1004, 174, 158, 502, 352, 239, 193, 402, 208, 147, 283, 263, 311, 823, 301, 148, 228, 141, 149, 352, 243, 304, 156, 238, 201, 403, 196, 382, 201, 143, 169, 307, 198, 798, 483, 189, 154, 124, 136, 192, 196, 174, 184, 178, 329, 381, 404, 372, 439, 159, 181, 192, 218, 252, 562, 637, 131, 441, 278, 159, 382, 168, 153, 211, 142, 284, 398, 212, 306, 127, 151, 296, 142, 146, 178, 134, 207, 301, 124, 191, 159, 417, 538, 189, 166, 442, 253, 343, 172, 351, 222, 228, 268, 141, 128, 136, 124, 347, 162, 257, 1276, 256, 302, 133, 184, 398, 253, 159, 217, 382, 133, 143, 484, 126, 126, 193, 127, 139, 271, 132, 128, 414, 383, 238, 149, 287, 131, 298, 212, 702, 221, 233, 219, 736, 534, 156, 822, 368, 159, 156, 196, 211, 241, 158, 164, 311, 246, 151, 214, 199, 218, 161, 217, 139, 572, 409, 128, 227, 639, 201, 323, 478, 172, 526, 257, 592, 146, 224, 184, 304, 327, 231, 521, 294, 504, 439, 296, 268, 262, 319, 159, 192, 318, 149, 199, 157, 184, 147, 134, 264, 261, 146, 137, 167, 126, 124, 254, 304, 134, 262, 242, 226, 224, 194, 142, 223, 188, 151, 133, 238, 156, 138, 348, 366, 533, 442, 287, 129, 198, 128, 139, 129, 671, 168, 159, 203, 176, 196, 509, 467, 131, 191, 284, 133, 224, 1238, 421, 306, 268, 306, 129, 211, 269, 143, 491, 241, 477, 148, 142, 986, 283, 371, 206, 143, 208, 493, 128, 303, 303, 209, 217, 184, 299, 303, 318, 133, 222, 183, 353, 137, 211, 259, 254, 132, 219, 222, 127, 142, 152, 469, 329, 197, 261, 403, 124, 169, 131, 154, 209, 133, 387, 334, 521, 264, 176, 206, 259, 161, 179, 142, 224, 151, 169, 164, 307, 124, 262, 287, 648, 164, 324, 151, 138, 161, 149, 154, 131, 133, 242, 134, 209, 142, 207, 187, 196, 127, 186, 132, 352, 371, 637, 218, 142, 352, 317, 136, 282, 523, 164, 127, 236, 137, 217, 328, 186, 253, 202, 443, 134, 282, 133, 129, 289, 128, 141, 231, 473, 548, 169, 231, 124, 338, 156, 161, 192, 126, 542, 168, 141, 168, 246, 1488, 517, 317, 201, 148, 232, 142, 151, 554, 158, 291, 191, 496, 138, 324, 247, 364, 134, 173, 176, 286, 208, 413, 234, 277, 179, 173, 396, 142, 258, 326, 143, 143, 211, 134, 182, 354, 141, 144, 219, 513, 202, 272, 131, 424, 206, 138, 532, 173, 144, 816, 139, 154, 132, 141, 191, 193, 127, 174, 612, 314, 361, 178, 668, 171, 292, 199, 164, 181, 157, 297, 582, 302, 179, 124, 187, 267, 134, 496, 147, 147, 126, 281, 322, 137, 184, 159, 177, 233, 418, 748, 178, 341, 327, 126, 138, 184, 268, 161, 208, 226, 134, 329, 311, 146, 164, 126, 293, 351, 192, 341, 199, 328, 171, 306, 376, 754, 326, 143, 154, 132, 221, 124, 218, 151, 383, 284, 236, 141, 168, 143, 278, 274, 234, 206, 266, 147, 182, 369, 267, 183, 686, 239, 429, 126, 177, 168, 126, 161, 152, 322, 149, 169, 292, 216, 163, 276, 151, 149, 232, 168, 187, 222, 199, 162, 554, 158, 131, 124, 141, 126, 231, 256, 216, 129, 163, 148, 229, 214, 211, 142, 522, 271, 488, 213, 174, 187, 144, 364, 233, 157, 313, 229, 184, 138, 154, 151, 164, 147, 134, 129, 209, 458, 281, 334, 208, 181, 229, 174, 908, 251, 247, 418, 244, 198, 268, 128, 247, 242, 331, 232, 487, 319, 791, 144, 289, 408, 161, 148, 151, 237, 314, 273, 143, 327, 186, 292, 162, 199, 303, 293, 163, 324, 136, 152, 153, 141, 206, 207, 156, 379, 159, 124, 196, 189, 248, 473, 201, 124, 401, 134, 461, 289, 167, 326, 772, 177, 233, 153, 509, 348, 514, 354, 136, 316, 411, 181, 304, 144, 641, 208, 156, 323, 134, 214, 129, 181, 1301, 169, 227, 193, 238, 144, 161, 378, 339, 284, 124, 153, 166, 184, 197, 261, 186, 277, 161, 238, 196, 176, 341, 228, 193, 333, 169, 206, 184, 154, 162, 134, 284, 558, 266, 161, 149, 153, 243, 153, 147, 158, 183, 828, 133, 157, 213, 158, 173, 982, 579, 303, 141, 172, 163, 172, 147, 133, 196, 134, 131, 238, 563, 144, 163, 308, 212, 206, 611, 257, 344, 324, 794, 238, 183, 447, 126, 219, 447, 132, 132, 176, 153, 126, 187, 181, 438, 543, 282, 239, 154, 287, 159, 144, 318, 247, 163, 203, 169, 511, 268, 152, 219, 131, 213, 231, 127, 201, 172, 328, 191, 162, 134, 202, 172, 139, 238, 148, 294, 213, 371, 134, 158, 142, 167, 216, 262, 166, 194, 236, 524, 646, 223, 817, 367, 267, 203, 242, 147, 154, 686, 216, 132, 222, 702, 374, 232, 397, 196, 157, 179, 144, 278, 147, 328, 152, 149, 256, 314, 209, 402, 164, 244, 257, 158, 147, 134, 193, 241, 302, 376, 1026, 207, 134, 174, 363, 173, 169, 644, 356, 142, 361, 456, 271, 126, 141, 273, 272, 142, 173, 183, 157, 158, 201, 264, 234, 474, 186, 176, 124, 146, 156, 162, 289, 172, 154, 403, 222, 466, 433, 132, 156, 244, 224, 478, 232, 294, 218, 143, 276, 127, 152, 142, 129, 418, 124, 142, 223, 167, 151, 371, 183, 197, 477, 251, 167, 231, 168, 412, 237, 242, 217, 189, 327, 194, 181, 528, 146, 139, 254, 352, 158, 138, 263, 131, 139, 314, 149, 294, 153, 197, 174, 234, 527, 139, 158, 167, 314, 142, 188, 126, 238, 361, 138, 126, 129, 358, 264, 272, 192, 152, 199, 164, 602, 154, 504, 183, 129, 371, 384, 124, 149, 179, 383, 164, 403, 364, 219, 306, 212, 516, 152, 186, 217, 272, 127, 196, 141, 159, 239, 157, 162, 181, 294, 171, 233, 294, 153, 317, 329, 152, 226, 206, 227, 583, 138, 293, 241, 346, 269, 124, 251, 283, 256, 271, 757, 249, 472, 311, 511, 333, 266, 138, 283, 213, 284, 213, 282, 248, 537, 177, 333, 353, 129, 222, 202, 158, 442, 392, 143, 152, 556, 181, 559, 473, 208, 313, 177, 143, 342, 371, 239, 138, 627, 187, 174, 139, 178, 937, 128, 264, 249, 152, 236, 126, 199, 284, 847, 242, 493, 147, 213, 183, 139, 261, 151, 179, 196, 183, 138, 144, 299, 166, 188, 241, 651, 352, 716, 152, 253, 226, 294, 222, 339, 267, 301, 256, 357, 189, 336, 151, 324, 159, 131, 193, 493, 373, 491, 149, 168, 124, 191, 217, 226, 406, 178, 304, 174, 207, 408, 269, 404, 199, 181, 197, 147, 471, 253, 127, 158, 176, 146, 128, 296, 158, 811, 147, 237, 174, 124, 259, 196, 158, 149, 138, 196, 149, 194, 453, 206, 203, 789, 632, 166, 244, 174, 386, 172, 136, 166, 164, 197, 222, 218, 209, 304, 178, 223, 432, 148, 262, 222, 131, 132, 734, 334, 209, 561, 339, 146, 178, 131, 246, 183, 384, 221, 159, 408, 131, 184, 242, 134, 208, 386, 128, 276, 259, 844, 309, 132, 144, 703, 1082, 413, 254, 182, 151, 151, 136, 152, 168, 234, 267, 152, 128, 174, 384, 158, 211, 474, 163, 134, 132, 219, 427, 357, 144, 174, 168, 157, 306, 124, 454, 147, 297, 298, 238, 569, 124, 463, 247, 167, 376, 396, 208, 158, 166, 218, 209, 338, 149, 599, 322, 128, 128, 319, 168, 351, 173, 164, 176, 182, 424, 227, 213, 137, 257, 237, 159, 143, 157, 676, 202, 164, 197, 288, 172, 174, 188, 153, 138, 194, 161, 266, 129, 716, 396, 199, 137, 209, 298, 124, 164, 726, 1163, 154, 158, 177, 189, 151, 198, 148, 197, 188, 161, 403, 628, 181, 133, 163, 269, 248, 124, 467, 267, 193, 207, 334, 334, 201, 171, 231, 401, 204, 167, 362, 434, 513, 134, 189, 169, 682, 141, 278, 238, 264, 217, 284, 139, 211, 186, 142, 178, 168, 378, 321, 142, 163, 173, 206, 142, 298, 184, 134, 301, 172, 392, 438, 143, 133, 314, 139, 213, 158, 156, 196, 353, 288, 319, 536, 306, 174, 327, 156, 1387, 141, 326, 222, 136, 238, 372, 177, 341, 896, 1484, 292, 169, 133, 199, 181, 354, 191, 424, 146, 173, 246, 154, 167, 223, 424, 237, 139, 322, 149, 124, 226, 173, 127, 169, 138, 139, 169, 162, 141, 131, 172, 536, 172, 277, 298, 169, 163, 139, 167, 232, 157, 242, 132, 167, 248, 291, 141, 253, 139, 333, 126, 153, 346, 141, 138, 177, 353, 578, 159, 303, 149, 178, 214, 127, 217, 489, 429, 137, 213, 198, 458, 302, 468, 131, 124, 147, 143, 156, 344, 182, 127, 251, 127, 406, 241, 384, 1027, 179, 204, 176, 313, 177, 208, 188, 144, 183, 432, 162, 349, 144, 244, 428, 296, 131, 168, 192, 124, 188, 204, 343, 131, 461, 124, 136, 129, 147, 138, 141, 172, 298, 259, 163, 141, 397, 136, 194, 283, 126, 159, 159, 137, 159, 324, 151, 178, 271, 146, 157, 192, 297, 172, 213, 211, 199, 132, 183, 156, 813, 234, 132, 204, 1012, 221, 173, 178, 238, 191, 168, 178, 212, 218, 131, 243, 127, 329, 156, 347, 214, 283, 154, 271, 141, 273, 148, 266, 142, 139, 126, 173, 302, 247, 228, 914, 164, 129, 193, 751, 589, 379, 907, 844, 221, 261, 207, 148, 152, 137, 193, 186, 126, 619, 181, 152, 194, 287, 233, 413, 242, 157, 126, 163, 417, 404, 154, 126, 283, 169, 503, 359]
lower:  -66.17982252653132
upper:  582.1798225265313
max :  1593
Identified outliers: 134
% of outliers :  0.04466666666666667
[1201, 928, 694, 701, 802, 586, 883, 603, 1239, 728, 599, 757, 919, 592, 1096, 719, 661, 588, 792, 604, 646, 823, 731, 596, 1051, 629, 828, 728, 771, 868, 673, 809, 627, 774, 839, 619, 628, 987, 597, 676, 606, 627, 733, 709, 931, 1037, 806, 863, 644, 1593, 1157, 1006, 787, 719, 1041, 642, 1303, 591, 993, 604, 1069, 653, 662, 1004, 823, 798, 637, 1276, 702, 736, 822, 639, 592, 671, 1238, 986, 648, 637, 1488, 816, 612, 668, 748, 754, 686, 908, 791, 772, 641, 1301, 828, 982, 611, 794, 646, 817, 686, 702, 1026, 644, 602, 583, 757, 627, 937, 847, 651, 716, 811, 789, 632, 734, 844, 703, 1082, 599, 676, 716, 726, 1163, 628, 682, 1387, 896, 1484, 1027, 813, 1012, 914, 751, 589, 907, 844, 619]
outliers removed!
data01
extracted mfcc
max len :  602
(5722, 602, 13)
inside meta features function
size of each batch : torch.Size([5722, 602, 13])
stats for mfcc dimension :
mean:  tensor([-111.0395,   37.8065,   -1.7888,    7.3788,   -2.1604,   -2.2581,
          -4.6188,   -2.0825,   -2.4178,   -1.3766,   -1.6117,   -1.3971,
          -1.4699], device='cuda:0')
shape of mean :  torch.Size([602, 13])
variance:  tensor([12805.9082,  1887.2833,   594.3837,   327.6883,   217.7804,   139.3250,
          119.9013,    92.4042,    74.8320,    64.0989,    51.9066,    45.8180,
           45.7859], device='cuda:0')
skewness:  tensor([-3.8399,  3.7945, -1.8825,  3.8828, -3.8280, -3.2580, -3.6237, -3.3930,
        -3.9222, -1.9055, -2.5439, -3.5338, -2.5587], device='cuda:0')
kurtosis:  tensor([ 77.3308,  67.3144,  99.1872,  98.9537, 104.5897, 113.3358, 105.7047,
        120.1201, 120.5364, 115.1859, 117.0165, 104.5391, 115.8662],
       device='cuda:0')
after using cuda: 
<class 'torch.Tensor'>
stats accross data :
mean:  -6.695061683654785
variance:  3305.109130859375
skewness:  -4.9086503982543945
kurtosis:  33.793792724609375
    kurtosis  kurtosis_1     ...           var_8       var_9
0  38.625271   69.257172     ...      111.757393  118.142723
1  15.958107    0.701190     ...      155.060272  105.552414
2  21.574558   27.696339     ...      177.550140  151.699875
3  21.083605   20.298269     ...      186.663895  162.121445
4  33.793793   77.330765     ...       92.404228   74.832031

[5 rows x 57 columns]
     name
0  data02
1  data04
2  data03
3  data05
4  data01
['flickr' 'music_genre' 'flickr' 'sick_no_sick' 'flickr']
DONE
Finished at Sat May 16 21:54:59 CEST 2020
